Arguments: 
  C:\Program Files\nodejs\node.exe C:\Program Files (x86)\Yarn\bin\yarn.js add express morgan mongoose multer

PATH: 
  C:\Python27\;C:\Python27\Scripts;C:\WINDOWS\system32;C:\WINDOWS;C:\WINDOWS\System32\Wbem;C:\WINDOWS\System32\WindowsPowerShell\v1.0\;C:\ProgramData\chocolatey\bin;C:\Program Files\nodejs\;C:\Program Files (x86)\Yarn\bin\;C:\Program Files\Java\jdk1.8.0_211\bin;C:\WINDOWS\System32\OpenSSH\;C:\Android\Sdk\emulator;C:\Android\Sdk\tools;C:\Android\Sdk\tools\bin;C:\Android\Sdk\platform-tools;C:\Users\Emanoel Augusto\AppData\Roaming\npm;C:\Users\Emanoel Augusto\AppData\Local\Yarn\bin;C:\Users\Emanoel Augusto\AppData\Local\Microsoft\WindowsApps;C:\Android\Sdk\emulator;C:\Android\Sdk\tools;C:\Android\Sdk\tools\bin;C:\Android\Sdk\platform-tools;;C:\Users\Emanoel Augusto\AppData\Local\Programs\Microsoft VS Code\bin

Yarn version: 
  1.22.5

Node version: 
  14.15.1

Platform: 
  win32 x64

Trace: 
  Error: connect EHOSTUNREACH 104.16.23.35:443
      at TCPConnectWrap.afterConnect [as oncomplete] (net.js:1146:16)

npm manifest: 
  {
    "name": "ApiUploadFiles",
    "version": "1.0.0",
    "main": "index.js",
    "license": "MIT"
  }

yarn manifest: 
  No manifest

Lockfile: 
  No lockfile
